<?xml version="1.0" encoding="UTF-8"?>
<testng-results skipped="0" failed="0" ignored="0" total="1" passed="1">
  <reporter-output>
  </reporter-output>
  <suite name="Default suite" duration-ms="31434" started-at="2022-10-01T14:23:54 IST" finished-at="2022-10-01T14:24:25 IST">
    <groups>
    </groups>
    <test name="Default test" duration-ms="31434" started-at="2022-10-01T14:23:54 IST" finished-at="2022-10-01T14:24:25 IST">
      <class name="Numadic.NUProducts.CareerTest">
        <test-method status="PASS" signature="beforeSuite()[pri:0, instance:Numadic.NUProducts.CareerTest@710726a3]" name="beforeSuite" is-config="true" duration-ms="822" started-at="2022-10-01T14:23:53 IST" finished-at="2022-10-01T14:23:54 IST">
          <reporter-output>
          </reporter-output>
        </test-method> <!-- beforeSuite -->
        <test-method status="PASS" signature="beforeMethod(org.testng.ITestResult)[pri:0, instance:Numadic.NUProducts.CareerTest@710726a3]" name="beforeMethod" is-config="true" duration-ms="13068" started-at="2022-10-01T14:23:54 IST" finished-at="2022-10-01T14:24:07 IST">
          <params>
            <param index="0">
              <value>
                <![CDATA[[TestResult name={null} status=CREATED method=CareerTest.TC_01_QA_Engineer()[pri:0, instance:Numadic.NUProducts.CareerTest@710726a3] output={null}]]]>
              </value>
            </param>
          </params>
          <reporter-output>
          </reporter-output>
        </test-method> <!-- beforeMethod -->
        <test-method status="PASS" signature="TC_01_QA_Engineer()[pri:0, instance:Numadic.NUProducts.CareerTest@710726a3]" name="TC_01_QA_Engineer" duration-ms="18117" started-at="2022-10-01T14:24:07 IST" finished-at="2022-10-01T14:24:25 IST">
          <reporter-output>
          </reporter-output>
        </test-method> <!-- TC_01_QA_Engineer -->
        <test-method status="PASS" signature="getResult(org.testng.ITestResult)[pri:0, instance:Numadic.NUProducts.CareerTest@710726a3]" name="getResult" is-config="true" duration-ms="12" started-at="2022-10-01T14:24:25 IST" finished-at="2022-10-01T14:24:25 IST">
          <params>
            <param index="0">
              <value>
                <![CDATA[[TestResult name=TC_01_QA_Engineer status=SUCCESS method=CareerTest.TC_01_QA_Engineer()[pri:0, instance:Numadic.NUProducts.CareerTest@710726a3] output={null}]]]>
              </value>
            </param>
          </params>
          <reporter-output>
          </reporter-output>
        </test-method> <!-- getResult -->
        <test-method status="PASS" signature="afterSuite()[pri:0, instance:Numadic.NUProducts.CareerTest@710726a3]" name="afterSuite" is-config="true" duration-ms="1632" started-at="2022-10-01T14:24:25 IST" finished-at="2022-10-01T14:24:27 IST">
          <reporter-output>
          </reporter-output>
        </test-method> <!-- afterSuite -->
      </class> <!-- Numadic.NUProducts.CareerTest -->
    </test> <!-- Default test -->
  </suite> <!-- Default suite -->
</testng-results>
